\BOOKMARK [1][-]{section.1}{\376\377\000T\000O\000D\000O\000\040\000/\000\040\000S\000t\000r\000u\000c\000t\000u\000r\000e\000\040\000\050\000f\000r\000o\000m\000\040\000M\000a\000r\000k\000d\000o\000w\000n\000\051}{}% 1
\BOOKMARK [2][-]{subsection.1.1}{\376\377\000T\000a\000b\000l\000e\000\040\000o\000f\000\040\000C\000o\000n\000t\000e\000n\000t\000s}{section.1}% 2
\BOOKMARK [2][-]{subsection.1.2}{\376\377\000M\000a\000i\000n\000\040\000c\000o\000n\000t\000e\000n\000t\000\040\000c\000h\000u\000n\000k\000s\000\040\000/\000\040\000c\000o\000n\000c\000e\000p\000t\000s}{section.1}% 3
\BOOKMARK [1][-]{section.2}{\376\377\000A\000b\000s\000t\000r\000a\000c\000t}{}% 4
\BOOKMARK [1][-]{section.3}{\376\377\000I\000n\000t\000r\000o\000d\000u\000c\000t\000i\000o\000n}{}% 5
\BOOKMARK [2][-]{subsection.3.1}{\376\377\000N\000C\000C\000L\000\040\000v\000s\000\040\000M\000P\000I\000\040\000-\000\040\000C\000o\000m\000p\000a\000r\000i\000s\000o\000n\000\040\000\050\000T\000O\000D\000O\000\051}{section.3}% 6
\BOOKMARK [2][-]{subsection.3.2}{\376\377\000R\000e\000l\000e\000v\000a\000n\000t\000\040\000N\000C\000C\000L\000\040\000i\000n\000t\000e\000r\000n\000a\000l\000s}{section.3}% 7
\BOOKMARK [1][-]{section.4}{\376\377\000T\000h\000e\000\040\000P\000r\000o\000f\000i\000l\000e\000r\000\040\000A\000P\000I}{}% 8
\BOOKMARK [2][-]{subsection.4.1}{\376\377\000H\000o\000w\000\040\000N\000C\000C\000L\000\040\000d\000e\000t\000e\000c\000t\000s\000\040\000t\000h\000e\000\040\000p\000r\000o\000f\000i\000l\000e\000r\000\040\000p\000l\000u\000g\000i\000n}{section.4}% 9
\BOOKMARK [2][-]{subsection.4.2}{\376\377\000T\000h\000e\000\040\000p\000r\000o\000f\000i\000l\000e\000r\000\040\000A\000P\000I\000\040\000d\000e\000f\000i\000n\000i\000t\000i\000o\000n}{section.4}% 10
\BOOKMARK [3][-]{subsubsection.4.2.1}{\376\377\000i\000n\000i\000t}{subsection.4.2}% 11
\BOOKMARK [3][-]{subsubsection.4.2.2}{\376\377\000s\000t\000a\000r\000t\000E\000v\000e\000n\000t}{subsection.4.2}% 12
\BOOKMARK [3][-]{subsubsection.4.2.3}{\376\377\000s\000t\000o\000p\000E\000v\000e\000n\000t}{subsection.4.2}% 13
\BOOKMARK [3][-]{subsubsection.4.2.4}{\376\377\000r\000e\000c\000o\000r\000d\000E\000v\000e\000n\000t\000S\000t\000a\000t\000e}{subsection.4.2}% 14
\BOOKMARK [3][-]{subsubsection.4.2.5}{\376\377\000f\000i\000n\000a\000l\000i\000z\000e}{subsection.4.2}% 15
\BOOKMARK [3][-]{subsubsection.4.2.6}{\376\377\000n\000a\000m\000e}{subsection.4.2}% 16
\BOOKMARK [2][-]{subsection.4.3}{\376\377\000C\000o\000d\000e\000\040\000E\000x\000a\000m\000p\000l\000e\000s}{section.4}% 17
\BOOKMARK [2][-]{subsection.4.4}{\376\377\000W\000h\000a\000t\000\040\000i\000s\000\040\000p\000o\000s\000s\000i\000b\000l\000e\000\040\000w\000i\000t\000h\000\040\000t\000h\000e\000\040\000P\000r\000o\000f\000i\000l\000e\000r\000\040\000P\000l\000u\000g\000i\000n\000\040\000A\000P\000I\000?\000\040\000C\000o\000n\000s\000i\000d\000e\000r\000a\000t\000i\000o\000n\000s\000\040\000a\000n\000d\000\040\000P\000i\000t\000f\000a\000l\000l\000s\000\040\000f\000o\000r\000\040\000\050\000l\000o\000g\000g\000i\000n\000g\000,\000\040\000r\000u\000n\000n\000i\000n\000g\000\040\000m\000e\000t\000r\000i\000c\000s\000,\000\040\000C\000U\000P\000T\000I\000,\000\040\040\046\000\051\000\040\000w\000h\000e\000n\000\040\000w\000r\000i\000t\000i\000n\000g\000\040\000t\000h\000e\000\040\000p\000l\000u\000g\000i\000n\000\040\000-\000\040\000s\000e\000c\000t\000i\000o\000n\000\040\000t\000i\000t\000l\000e\000\040\000W\000I\000P\000\040}{section.4}% 18
\BOOKMARK [2][-]{subsection.4.5}{\376\377\000P\000e\000r\000f\000o\000r\000m\000a\000n\000c\000e\000\040\000a\000n\000d\000\040\000s\000c\000a\000l\000a\000b\000i\000l\000i\000t\000y\000\040\000o\000f\000\040\000t\000h\000e\000\040\000P\000r\000o\000f\000i\000l\000e\000r\000\040\000P\000l\000u\000g\000i\000n\000\040\000A\000P\000I}{section.4}% 19
\BOOKMARK [1][-]{section.5}{\376\377\000P\000o\000t\000e\000n\000t\000i\000a\000l\000\040\000I\000n\000t\000e\000g\000r\000a\000t\000i\000o\000n\000\040\000w\000i\000t\000h\000\040\000S\000c\000o\000r\000e\000-\000P}{}% 20
\BOOKMARK [1][-]{section.6}{\376\377\000C\000o\000n\000c\000l\000u\000s\000i\000o\000n\000\040\000-\000\040\000W\000h\000a\000t\000\040\000i\000\040\000h\000a\000v\000e\000\040\000s\000h\000o\000w\000n\000.\000\040\000W\000h\000y\000\040\000w\000o\000u\000l\000d\000\040\000y\000o\000u\000\040\000u\000s\000e\000\040\000i\000t\000?\000\040\000p\000r\000o\000s\000\040\000\046\000\040\000c\000o\000n\000s}{}% 21
\BOOKMARK [2][-]{subsection.6.1}{\376\377\000N\000C\000C\000L\000\137\000D\000E\000B\000U\000G}{section.6}% 22
\BOOKMARK [2][-]{subsection.6.2}{\376\377\000K\000n\000o\000w\000n\000\040\000l\000i\000m\000i\000t\000a\000t\000i\000o\000n\000s}{section.6}% 23
\BOOKMARK [2][-]{subsection.6.3}{\376\377\000S\000u\000m\000m\000a\000r\000i\000z\000e\000\040\000W\000h\000a\000t\000\040\000i\000\040\000h\000a\000v\000e\000\040\000s\000h\000o\000w\000n\000\040\000T\000O\000D\000O}{section.6}% 24
\BOOKMARK [1][-]{section.7}{\376\377\000T\000O\000D\000O}{}% 25
